{
  "0 debug pnpm:scope": {
    "selected": 1
  },
  "1 error pnpm": {
    "code": "ELIFECYCLE",
    "errno": "ENOENT",
    "syscall": "spawn",
    "file": "sh",
    "pkgid": "backend@1.0.0",
    "stage": "dev",
    "script": "nodemon app.js",
    "pkgname": "backend",
    "err": {
      "name": "pnpm",
      "message": "backend@1.0.0 dev: `nodemon app.js`\nspawn ENOENT",
      "code": "ELIFECYCLE",
      "stack": "pnpm: backend@1.0.0 dev: `nodemon app.js`\nspawn ENOENT\n    at ChildProcess.<anonymous> (/usr/local/pnpm-global/5/node_modules/.pnpm/pnpm@6.14.7/node_modules/pnpm/dist/pnpm.cjs:92592:22)\n    at ChildProcess.emit (events.js:315:20)\n    at maybeClose (internal/child_process.js:1048:16)\n    at Process.ChildProcess._handle.onexit (internal/child_process.js:288:5)"
    }
  }
}